<?xml version="1.0" encoding="UTF-8"?>
<Site BuildName="Win32-make"
	BuildStamp="20240205-1713-Experimental"
	Name="DESKTOP-J3VOE1E"
	Generator="ctest-3.16.19112601-MSVC_2"
	CompilerName="C:/msys64/mingw64/bin/x86_64-w64-mingw32-g++.exe"
	CompilerVersion="10.2.0"
	OSName="Windows"
	Hostname="DESKTOP-J3VOE1E"
	OSRelease=" Personal"
	OSVersion=" (Build 19045)"
	OSPlatform="x86"
	Is64Bits="1"
	VendorString="GenuineIntel"
	VendorID="Intel Corporation"
	FamilyID="6"
	ModelID="14"
	ProcessorCacheSize="-1"
	NumberOfLogicalCPU="8"
	NumberOfPhysicalCPU="4"
	TotalVirtualMemory="28091"
	TotalPhysicalMemory="16315"
	LogicalProcessorsPerPhysical="2"
	ProcessorClockFrequency="3599"
	>
	<Testing>
		<StartDateTime>Feb 05 20:13 RTZ 2 ([NON-UTF-8-BYTE-0xE7][NON-UTF-8-BYTE-0xE8][NON-UTF-8-BYTE-0xEC][NON-UTF-8-BYTE-0xE0])</StartDateTime>
		<StartTestTime>1707153199</StartTestTime>
		<TestList/>
		<EndDateTime>Feb 05 20:13 RTZ 2 ([NON-UTF-8-BYTE-0xE7][NON-UTF-8-BYTE-0xE8][NON-UTF-8-BYTE-0xEC][NON-UTF-8-BYTE-0xE0])</EndDateTime>
		<EndTestTime>1707153199</EndTestTime>
		<ElapsedMinutes>0</ElapsedMinutes>
	</Testing>
</Site>
